Started GET "/" for ::1 at 2017-04-12 11:12:49 -0500
Processing by Rails::WelcomeController#index as HTML
  Parameters: {"internal"=>true}
  Rendering /Users/fidansaid/.rbenv/versions/2.4.0/lib/ruby/gems/2.4.0/gems/railties-5.0.2/lib/rails/templates/rails/welcome/index.html.erb
  Rendered /Users/fidansaid/.rbenv/versions/2.4.0/lib/ruby/gems/2.4.0/gems/railties-5.0.2/lib/rails/templates/rails/welcome/index.html.erb (8.6ms)
Completed 200 OK in 49ms (Views: 25.5ms | ActiveRecord: 0.0ms)


Started GET "/" for ::1 at 2017-04-12 11:20:15 -0500
Processing by HomeController#index as HTML
Started GET "/" for ::1 at 2017-04-12 11:20:25 -0500
  Rendering home/index.html.erb within layouts/application
  Rendered home/index.html.erb within layouts/application (0.5ms)
Completed 200 OK in 2469ms (Views: 2467.1ms | ActiveRecord: 0.0ms)


Processing by HomeController#index as HTML
  Rendering home/index.html.erb within layouts/application
  Rendered home/index.html.erb within layouts/application (0.1ms)
Completed 200 OK in 33ms (Views: 30.9ms | ActiveRecord: 0.0ms)


Started GET "/home/index" for ::1 at 2017-04-12 11:20:37 -0500
Processing by HomeController#index as HTML
  Rendering home/index.html.erb within layouts/application
  Rendered home/index.html.erb within layouts/application (0.5ms)
Completed 200 OK in 36ms (Views: 32.4ms | ActiveRecord: 0.0ms)


Started GET "/home/index" for ::1 at 2017-04-12 11:20:49 -0500
Processing by HomeController#index as HTML
  Rendering home/index.html.erb within layouts/application
  Rendered home/index.html.erb within layouts/application (1.0ms)
Completed 200 OK in 45ms (Views: 42.7ms | ActiveRecord: 0.0ms)


Started GET "/home/index" for ::1 at 2017-04-12 11:23:37 -0500
Processing by HomeController#index as HTML
  Rendering home/index.html.erb within layouts/application
  Rendered home/index.html.erb within layouts/application (0.6ms)
Completed 200 OK in 35ms (Views: 33.6ms | ActiveRecord: 0.0ms)


Started GET "/home/index" for ::1 at 2017-04-12 11:39:59 -0500
Processing by HomeController#index as HTML
  Rendering home/index.html.erb within layouts/application
  Rendered home/index.html.erb within layouts/application (0.8ms)
DEPRECATION WARNING: Extra .css in SCSS file is unnecessary. Rename /Users/fidansaid/Desktop/Mybootstrap/bootstrap1/app/assets/stylesheets/main.css.scss to /Users/fidansaid/Desktop/Mybootstrap/bootstrap1/app/assets/stylesheets/main.scss. (called from _app_views_layouts_application_html_erb___2554409118792026413_70298762507220 at /Users/fidansaid/Desktop/Mybootstrap/bootstrap1/app/views/layouts/application.html.erb:7)
DEPRECATION WARNING: Extra .css in SCSS file is unnecessary. Rename /Users/fidansaid/Desktop/Mybootstrap/bootstrap1/app/assets/stylesheets/main.css.scss to /Users/fidansaid/Desktop/Mybootstrap/bootstrap1/app/assets/stylesheets/main.scss. (called from _app_views_layouts_application_html_erb___2554409118792026413_70298762507220 at /Users/fidansaid/Desktop/Mybootstrap/bootstrap1/app/views/layouts/application.html.erb:7)
Completed 200 OK in 5444ms (Views: 5441.1ms | ActiveRecord: 0.0ms)


Started GET "/home/index" for ::1 at 2017-04-12 11:40:06 -0500
Processing by HomeController#index as HTML
  Rendering home/index.html.erb within layouts/application
  Rendered home/index.html.erb within layouts/application (0.8ms)
Completed 200 OK in 55ms (Views: 52.6ms | ActiveRecord: 0.0ms)


Started GET "/home/index" for ::1 at 2017-04-12 12:09:31 -0500
Processing by HomeController#index as HTML
  Rendering home/index.html.erb within layouts/application
  Rendered home/index.html.erb within layouts/application (4.5ms)
Completed 200 OK in 597ms (Views: 577.3ms | ActiveRecord: 0.0ms)


Started GET "/" for ::1 at 2017-04-12 15:09:02 -0500
Processing by HomeController#index as HTML
  Rendering home/index.html.erb within layouts/application
  Rendered home/index.html.erb within layouts/application (4.0ms)
Completed 200 OK in 539ms (Views: 513.7ms | ActiveRecord: 0.0ms)


Started GET "/" for ::1 at 2017-04-12 15:09:14 -0500
Processing by HomeController#index as HTML
  Rendering home/index.html.erb within layouts/application
  Rendered home/index.html.erb within layouts/application (0.5ms)
Completed 200 OK in 63ms (Views: 59.2ms | ActiveRecord: 0.0ms)


Started GET "/" for ::1 at 2017-04-12 15:10:21 -0500
Processing by HomeController#index as HTML
  Rendering home/index.html.erb within layouts/application
  Rendered home/index.html.erb within layouts/application (1.5ms)
Completed 200 OK in 72ms (Views: 68.6ms | ActiveRecord: 0.0ms)


Started GET "/" for ::1 at 2017-04-12 15:54:45 -0500
Processing by HomeController#index as HTML
  Rendering home/index.html.erb within layouts/application
  Rendered home/index.html.erb within layouts/application (0.5ms)
Completed 200 OK in 50ms (Views: 37.8ms | ActiveRecord: 0.0ms)


Started GET "/" for ::1 at 2017-04-12 16:38:51 -0500
Processing by HomeController#index as HTML
  Rendering home/index.html.erb within layouts/application
  Rendered home/index.html.erb within layouts/application (0.6ms)
  Rendered partials/_jumbotron.html.erb (0.5ms)
  Rendered partials/_footer.html.erb (0.4ms)
Completed 200 OK in 49ms (Views: 46.4ms | ActiveRecord: 0.0ms)


Started GET "/" for ::1 at 2017-04-12 16:38:54 -0500
Processing by HomeController#index as HTML
  Rendering home/index.html.erb within layouts/application
  Rendered home/index.html.erb within layouts/application (0.6ms)
  Rendered partials/_jumbotron.html.erb (0.4ms)
  Rendered partials/_footer.html.erb (0.4ms)
Completed 200 OK in 48ms (Views: 44.6ms | ActiveRecord: 0.0ms)


Started GET "/" for ::1 at 2017-04-12 16:38:56 -0500
Processing by HomeController#index as HTML
  Rendering home/index.html.erb within layouts/application
  Rendered home/index.html.erb within layouts/application (0.7ms)
  Rendered partials/_jumbotron.html.erb (0.3ms)
  Rendered partials/_footer.html.erb (0.5ms)
Completed 200 OK in 48ms (Views: 44.3ms | ActiveRecord: 0.0ms)


Started GET "/" for ::1 at 2017-04-12 16:38:58 -0500
Processing by HomeController#index as HTML
  Rendering home/index.html.erb within layouts/application
  Rendered home/index.html.erb within layouts/application (0.5ms)
  Rendered partials/_jumbotron.html.erb (0.5ms)
  Rendered partials/_footer.html.erb (0.4ms)
Completed 200 OK in 45ms (Views: 41.4ms | ActiveRecord: 0.0ms)


Started GET "/" for ::1 at 2017-04-12 16:39:01 -0500
Processing by HomeController#index as HTML
  Rendering home/index.html.erb within layouts/application
  Rendered home/index.html.erb within layouts/application (0.5ms)
  Rendered partials/_jumbotron.html.erb (0.4ms)
  Rendered partials/_footer.html.erb (0.3ms)
Completed 200 OK in 48ms (Views: 44.2ms | ActiveRecord: 0.0ms)


Started GET "/" for ::1 at 2017-04-12 16:46:32 -0500
Processing by HomeController#index as HTML
  Rendering home/index.html.erb within layouts/application
  Rendered home/index.html.erb within layouts/application (0.5ms)
  Rendered partials/_jumbotron.html.erb (0.5ms)
  Rendered partials/_footer.html.erb (0.4ms)
Completed 200 OK in 47ms (Views: 44.9ms | ActiveRecord: 0.0ms)


Started GET "/" for ::1 at 2017-04-12 16:56:55 -0500
Processing by HomeController#index as HTML
  Rendering home/index.html.erb within layouts/application
  Rendered home/index.html.erb within layouts/application (0.6ms)
Completed 500 Internal Server Error in 11ms (ActiveRecord: 0.0ms)


  
SyntaxError (/Users/fidansaid/Desktop/Mybootstrap/bootstrap1/app/views/layouts/application.html.erb:27: syntax error, unexpected '<'
fer.append=( link_to "Home" ></li>
                              ^
/Users/fidansaid/Desktop/Mybootstrap/bootstrap1/app/views/layouts/application.html.erb:28: unknown regexp option - l
/Users/fidansaid/Desktop/Mybootstrap/bootstrap1/app/views/layouts/application.html.erb:30: syntax error, unexpected '<'
        </div><!--/.navbar-collapse -->
         ^
/Users/fidansaid/Desktop/Mybootstrap/bootstrap1/app/views/layouts/application.html.erb:30: syntax error, unexpected unary-, expecting keyword_do or '{' or '('
 </div><!--/.navbar-collapse -->
                              ^
/Users/fidansaid/Desktop/Mybootstrap/bootstrap1/app/views/layouts/application.html.erb:32: unknown regexp options - av
/Users/fidansaid/Desktop/Mybootstrap/bootstrap1/app/views/layouts/application.html.erb:34: syntax error, unexpected '<'
    <%= render 'partials/jumbotron'
     ^
/Users/fidansaid/Desktop/Mybootstrap/bootstrap1/app/views/layouts/application.html.erb:48: syntax error, unexpected keyword_ensure, expecting ')'
          ensure
                ^
/Users/fidansaid/Desktop/Mybootstrap/bootstrap1/app/views/layouts/application.html.erb:50: syntax error, unexpected keyword_end, expecting ')'
          end
             ^):
  
app/views/layouts/application.html.erb:27: syntax error, unexpected '<'
app/views/layouts/application.html.erb:28: unknown regexp option - l
app/views/layouts/application.html.erb:30: syntax error, unexpected '<'
app/views/layouts/application.html.erb:30: syntax error, unexpected unary-, expecting keyword_do or '{' or '('
app/views/layouts/application.html.erb:32: unknown regexp options - av
app/views/layouts/application.html.erb:34: syntax error, unexpected '<'
app/views/layouts/application.html.erb:48: syntax error, unexpected keyword_ensure, expecting ')'
app/views/layouts/application.html.erb:50: syntax error, unexpected keyword_end, expecting ')'
  Rendering /Users/fidansaid/.rbenv/versions/2.4.0/lib/ruby/gems/2.4.0/gems/actionpack-5.0.2/lib/action_dispatch/middleware/templates/rescues/diagnostics.html.erb within rescues/layout
  Rendering /Users/fidansaid/.rbenv/versions/2.4.0/lib/ruby/gems/2.4.0/gems/actionpack-5.0.2/lib/action_dispatch/middleware/templates/rescues/_source.html.erb
  Rendered /Users/fidansaid/.rbenv/versions/2.4.0/lib/ruby/gems/2.4.0/gems/actionpack-5.0.2/lib/action_dispatch/middleware/templates/rescues/_source.html.erb (9.6ms)
  Rendering /Users/fidansaid/.rbenv/versions/2.4.0/lib/ruby/gems/2.4.0/gems/actionpack-5.0.2/lib/action_dispatch/middleware/templates/rescues/_trace.html.erb
  Rendered /Users/fidansaid/.rbenv/versions/2.4.0/lib/ruby/gems/2.4.0/gems/actionpack-5.0.2/lib/action_dispatch/middleware/templates/rescues/_trace.html.erb (3.6ms)
  Rendering /Users/fidansaid/.rbenv/versions/2.4.0/lib/ruby/gems/2.4.0/gems/actionpack-5.0.2/lib/action_dispatch/middleware/templates/rescues/_request_and_response.html.erb
  Rendered /Users/fidansaid/.rbenv/versions/2.4.0/lib/ruby/gems/2.4.0/gems/actionpack-5.0.2/lib/action_dispatch/middleware/templates/rescues/_request_and_response.html.erb (1.2ms)
  Rendered /Users/fidansaid/.rbenv/versions/2.4.0/lib/ruby/gems/2.4.0/gems/actionpack-5.0.2/lib/action_dispatch/middleware/templates/rescues/diagnostics.html.erb within rescues/layout (136.3ms)
Started GET "/" for ::1 at 2017-04-12 16:58:18 -0500
Processing by HomeController#index as HTML
  Rendering home/index.html.erb within layouts/application
  Rendered home/index.html.erb within layouts/application (0.5ms)
Completed 500 Internal Server Error in 12ms (ActiveRecord: 0.0ms)


  
SyntaxError (/Users/fidansaid/Desktop/Mybootstrap/bootstrap1/app/views/layouts/application.html.erb:27: syntax error, unexpected '<'
ffer.append=(link_to "Home"> </li>
                              ^
/Users/fidansaid/Desktop/Mybootstrap/bootstrap1/app/views/layouts/application.html.erb:28: unknown regexp option - l
/Users/fidansaid/Desktop/Mybootstrap/bootstrap1/app/views/layouts/application.html.erb:30: syntax error, unexpected '<'
        </div><!--/.navbar-collapse -->
         ^
/Users/fidansaid/Desktop/Mybootstrap/bootstrap1/app/views/layouts/application.html.erb:30: syntax error, unexpected unary-, expecting keyword_do or '{' or '('
 </div><!--/.navbar-collapse -->
                              ^
/Users/fidansaid/Desktop/Mybootstrap/bootstrap1/app/views/layouts/application.html.erb:32: unknown regexp options - av
/Users/fidansaid/Desktop/Mybootstrap/bootstrap1/app/views/layouts/application.html.erb:34: syntax error, unexpected '<'
    <%= render 'partials/jumbotron'
     ^
/Users/fidansaid/Desktop/Mybootstrap/bootstrap1/app/views/layouts/application.html.erb:48: syntax error, unexpected keyword_ensure, expecting ')'
          ensure
                ^
/Users/fidansaid/Desktop/Mybootstrap/bootstrap1/app/views/layouts/application.html.erb:50: syntax error, unexpected keyword_end, expecting ')'
          end
             ^):
  
app/views/layouts/application.html.erb:27: syntax error, unexpected '<'
app/views/layouts/application.html.erb:28: unknown regexp option - l
app/views/layouts/application.html.erb:30: syntax error, unexpected '<'
app/views/layouts/application.html.erb:30: syntax error, unexpected unary-, expecting keyword_do or '{' or '('
app/views/layouts/application.html.erb:32: unknown regexp options - av
app/views/layouts/application.html.erb:34: syntax error, unexpected '<'
app/views/layouts/application.html.erb:48: syntax error, unexpected keyword_ensure, expecting ')'
app/views/layouts/application.html.erb:50: syntax error, unexpected keyword_end, expecting ')'
  Rendering /Users/fidansaid/.rbenv/versions/2.4.0/lib/ruby/gems/2.4.0/gems/actionpack-5.0.2/lib/action_dispatch/middleware/templates/rescues/diagnostics.html.erb within rescues/layout
  Rendering /Users/fidansaid/.rbenv/versions/2.4.0/lib/ruby/gems/2.4.0/gems/actionpack-5.0.2/lib/action_dispatch/middleware/templates/rescues/_source.html.erb
  Rendered /Users/fidansaid/.rbenv/versions/2.4.0/lib/ruby/gems/2.4.0/gems/actionpack-5.0.2/lib/action_dispatch/middleware/templates/rescues/_source.html.erb (9.8ms)
  Rendering /Users/fidansaid/.rbenv/versions/2.4.0/lib/ruby/gems/2.4.0/gems/actionpack-5.0.2/lib/action_dispatch/middleware/templates/rescues/_trace.html.erb
  Rendered /Users/fidansaid/.rbenv/versions/2.4.0/lib/ruby/gems/2.4.0/gems/actionpack-5.0.2/lib/action_dispatch/middleware/templates/rescues/_trace.html.erb (3.7ms)
  Rendering /Users/fidansaid/.rbenv/versions/2.4.0/lib/ruby/gems/2.4.0/gems/actionpack-5.0.2/lib/action_dispatch/middleware/templates/rescues/_request_and_response.html.erb
  Rendered /Users/fidansaid/.rbenv/versions/2.4.0/lib/ruby/gems/2.4.0/gems/actionpack-5.0.2/lib/action_dispatch/middleware/templates/rescues/_request_and_response.html.erb (1.2ms)
  Rendered /Users/fidansaid/.rbenv/versions/2.4.0/lib/ruby/gems/2.4.0/gems/actionpack-5.0.2/lib/action_dispatch/middleware/templates/rescues/diagnostics.html.erb within rescues/layout (124.1ms)
Started GET "/" for ::1 at 2017-04-12 17:02:18 -0500
Processing by HomeController#index as HTML
  Rendering home/index.html.erb within layouts/application
  Rendered home/index.html.erb within layouts/application (0.3ms)
  Rendered partials/_jumbotron.html.erb (0.5ms)
  Rendered partials/_footer.html.erb (0.4ms)
Completed 200 OK in 49ms (Views: 45.5ms | ActiveRecord: 0.0ms)


Started GET "/" for ::1 at 2017-04-12 23:07:45 -0500
Processing by HomeController#index as HTML
  Rendering home/index.html.erb within layouts/application
  Rendered home/index.html.erb within layouts/application (15.4ms)
  Rendered partials/_jumbotron.html.erb (0.8ms)
  Rendered partials/_footer.html.erb (0.6ms)
Completed 200 OK in 233ms (Views: 193.2ms | ActiveRecord: 0.0ms)


Started GET "/" for ::1 at 2017-04-12 23:07:48 -0500
Processing by HomeController#index as HTML
  Rendering home/index.html.erb within layouts/application
  Rendered home/index.html.erb within layouts/application (0.6ms)
  Rendered partials/_jumbotron.html.erb (0.6ms)
  Rendered partials/_footer.html.erb (1.1ms)
Completed 200 OK in 72ms (Views: 68.4ms | ActiveRecord: 0.0ms)


Started GET "/" for ::1 at 2017-04-12 23:08:09 -0500
Processing by HomeController#index as HTML
  Rendering home/index.html.erb within layouts/application
  Rendered home/index.html.erb within layouts/application (0.8ms)
  Rendered partials/_jumbotron.html.erb (0.5ms)
  Rendered partials/_footer.html.erb (0.4ms)
Completed 200 OK in 60ms (Views: 57.4ms | ActiveRecord: 0.0ms)


Started GET "/" for ::1 at 2017-04-12 23:08:10 -0500
Processing by HomeController#index as HTML
  Rendering home/index.html.erb within layouts/application
  Rendered home/index.html.erb within layouts/application (0.6ms)
  Rendered partials/_jumbotron.html.erb (0.5ms)
  Rendered partials/_footer.html.erb (0.6ms)
Completed 200 OK in 59ms (Views: 55.8ms | ActiveRecord: 0.0ms)


Started GET "/" for ::1 at 2017-04-12 23:09:46 -0500
Processing by HomeController#index as HTML
  Rendering home/index.html.erb within layouts/application
  Rendered home/index.html.erb within layouts/application (0.6ms)
  Rendered partials/_jumbotron.html.erb (0.5ms)
  Rendered partials/_footer.html.erb (0.7ms)
Completed 200 OK in 60ms (Views: 56.7ms | ActiveRecord: 0.0ms)


Started GET "/" for ::1 at 2017-04-12 23:09:49 -0500
Processing by HomeController#index as HTML
  Rendering home/index.html.erb within layouts/application
  Rendered home/index.html.erb within layouts/application (1.0ms)
  Rendered partials/_jumbotron.html.erb (1.0ms)
  Rendered partials/_footer.html.erb (0.7ms)
Completed 200 OK in 80ms (Views: 76.3ms | ActiveRecord: 0.0ms)


Started GET "/" for ::1 at 2017-04-12 23:10:28 -0500
Processing by HomeController#index as HTML
  Rendering home/index.html.erb within layouts/application
  Rendered home/index.html.erb within layouts/application (0.8ms)
  Rendered partials/_jumbotron.html.erb (0.6ms)
  Rendered partials/_footer.html.erb (0.4ms)
Completed 200 OK in 90ms (Views: 84.0ms | ActiveRecord: 0.0ms)


Started GET "/" for ::1 at 2017-04-12 23:10:30 -0500
Processing by HomeController#index as HTML
  Rendering home/index.html.erb within layouts/application
  Rendered home/index.html.erb within layouts/application (0.5ms)
  Rendered partials/_jumbotron.html.erb (0.4ms)
  Rendered partials/_footer.html.erb (0.6ms)
Completed 200 OK in 49ms (Views: 46.8ms | ActiveRecord: 0.0ms)


Started GET "/" for ::1 at 2017-04-12 23:11:58 -0500
Processing by HomeController#index as HTML
  Rendering home/index.html.erb within layouts/application
  Rendered home/index.html.erb within layouts/application (0.5ms)
  Rendered partials/_jumbotron.html.erb (0.4ms)
  Rendered partials/_footer.html.erb (0.4ms)
Completed 200 OK in 53ms (Views: 49.5ms | ActiveRecord: 0.0ms)


Started GET "/" for ::1 at 2017-04-12 23:12:00 -0500
Processing by HomeController#index as HTML
  Rendering home/index.html.erb within layouts/application
  Rendered home/index.html.erb within layouts/application (0.6ms)
  Rendered partials/_jumbotron.html.erb (0.5ms)
  Rendered partials/_footer.html.erb (0.6ms)
Completed 200 OK in 51ms (Views: 47.8ms | ActiveRecord: 0.0ms)


Started GET "/" for ::1 at 2017-04-12 23:12:03 -0500
Processing by HomeController#index as HTML
  Rendering home/index.html.erb within layouts/application
  Rendered home/index.html.erb within layouts/application (0.5ms)
  Rendered partials/_jumbotron.html.erb (0.5ms)
  Rendered partials/_footer.html.erb (0.4ms)
Completed 200 OK in 57ms (Views: 53.7ms | ActiveRecord: 0.0ms)


Started GET "/" for ::1 at 2017-04-12 23:12:05 -0500
Processing by HomeController#index as HTML
  Rendering home/index.html.erb within layouts/application
  Rendered home/index.html.erb within layouts/application (0.9ms)
  Rendered partials/_jumbotron.html.erb (0.6ms)
  Rendered partials/_footer.html.erb (0.5ms)
Completed 200 OK in 57ms (Views: 53.6ms | ActiveRecord: 0.0ms)


Started GET "/" for ::1 at 2017-04-12 23:12:06 -0500
Processing by HomeController#index as HTML
  Rendering home/index.html.erb within layouts/application
  Rendered home/index.html.erb within layouts/application (0.7ms)
  Rendered partials/_jumbotron.html.erb (0.5ms)
  Rendered partials/_footer.html.erb (0.5ms)
Completed 200 OK in 65ms (Views: 62.1ms | ActiveRecord: 0.0ms)


Started GET "/" for ::1 at 2017-04-12 23:12:07 -0500
Processing by HomeController#index as HTML
  Rendering home/index.html.erb within layouts/application
  Rendered home/index.html.erb within layouts/application (1.5ms)
  Rendered partials/_jumbotron.html.erb (0.6ms)
  Rendered partials/_footer.html.erb (0.6ms)
Completed 200 OK in 58ms (Views: 54.9ms | ActiveRecord: 0.0ms)


Started GET "/" for ::1 at 2017-04-12 23:12:09 -0500
Processing by HomeController#index as HTML
  Rendering home/index.html.erb within layouts/application
  Rendered home/index.html.erb within layouts/application (0.6ms)
  Rendered partials/_jumbotron.html.erb (0.7ms)
  Rendered partials/_footer.html.erb (0.6ms)
Completed 200 OK in 78ms (Views: 74.2ms | ActiveRecord: 0.0ms)


Started GET "/" for ::1 at 2017-04-12 23:12:10 -0500
Processing by HomeController#index as HTML
  Rendering home/index.html.erb within layouts/application
  Rendered home/index.html.erb within layouts/application (0.6ms)
  Rendered partials/_jumbotron.html.erb (0.6ms)
  Rendered partials/_footer.html.erb (0.5ms)
Completed 200 OK in 61ms (Views: 57.9ms | ActiveRecord: 0.0ms)


Started GET "/" for ::1 at 2017-04-12 23:12:15 -0500
Processing by HomeController#index as HTML
  Rendering home/index.html.erb within layouts/application
  Rendered home/index.html.erb within layouts/application (0.6ms)
  Rendered partials/_jumbotron.html.erb (0.7ms)
  Rendered partials/_footer.html.erb (0.6ms)
Completed 200 OK in 55ms (Views: 52.0ms | ActiveRecord: 0.0ms)


Started GET "/" for ::1 at 2017-04-12 23:12:18 -0500
Processing by HomeController#index as HTML
  Rendering home/index.html.erb within layouts/application
  Rendered home/index.html.erb within layouts/application (0.5ms)
  Rendered partials/_jumbotron.html.erb (0.6ms)
  Rendered partials/_footer.html.erb (0.6ms)
Completed 200 OK in 52ms (Views: 49.2ms | ActiveRecord: 0.0ms)


Started GET "/" for ::1 at 2017-04-12 23:38:25 -0500
Processing by HomeController#index as HTML
  Rendering home/index.html.erb within layouts/application
  Rendered home/index.html.erb within layouts/application (0.5ms)
  Rendered partials/_jumbotron.html.erb (0.6ms)
  Rendered partials/_footer.html.erb (0.4ms)
Completed 200 OK in 52ms (Views: 48.5ms | ActiveRecord: 0.0ms)


Started GET "/home/index" for ::1 at 2017-04-13 09:31:04 -0500
Processing by HomeController#index as HTML
  Rendering home/index.html.erb within layouts/application
  Rendered home/index.html.erb within layouts/application (9.2ms)
  Rendered partials/_jumbotron.html.erb (4.3ms)
  Rendered partials/_footer.html.erb (4.4ms)
Completed 200 OK in 187ms (Views: 166.1ms | ActiveRecord: 0.0ms)


Started GET "/" for ::1 at 2017-04-13 09:35:18 -0500
Processing by HomeController#index as HTML
  Rendering home/index.html.erb within layouts/application
  Rendered home/index.html.erb within layouts/application (0.7ms)
  Rendered partials/_jumbotron.html.erb (5.7ms)
  Rendered partials/_footer.html.erb (0.6ms)
Completed 200 OK in 75ms (Views: 71.0ms | ActiveRecord: 0.0ms)


Started GET "/" for ::1 at 2017-04-13 09:35:20 -0500
Processing by HomeController#index as HTML
  Rendering home/index.html.erb within layouts/application
  Rendered home/index.html.erb within layouts/application (3.0ms)
  Rendered partials/_jumbotron.html.erb (3.1ms)
  Rendered partials/_footer.html.erb (2.6ms)
Completed 200 OK in 75ms (Views: 71.2ms | ActiveRecord: 0.0ms)


Started GET "/" for ::1 at 2017-04-13 09:36:59 -0500
Processing by HomeController#index as HTML
  Rendering home/index.html.erb within layouts/application
  Rendered home/index.html.erb within layouts/application (0.8ms)
  Rendered partials/_jumbotron.html.erb (3.8ms)
  Rendered partials/_footer.html.erb (0.9ms)
Completed 200 OK in 80ms (Views: 77.4ms | ActiveRecord: 0.0ms)


Started GET "/" for ::1 at 2017-04-13 09:37:00 -0500
Processing by HomeController#index as HTML
  Rendering home/index.html.erb within layouts/application
  Rendered home/index.html.erb within layouts/application (1.0ms)
  Rendered partials/_jumbotron.html.erb (0.5ms)
  Rendered partials/_footer.html.erb (0.3ms)
Completed 200 OK in 95ms (Views: 91.5ms | ActiveRecord: 0.0ms)


Started GET "/" for ::1 at 2017-04-13 09:40:59 -0500
Processing by HomeController#index as HTML
  Rendering home/index.html.erb within layouts/application
  Rendered home/index.html.erb within layouts/application (0.7ms)
  Rendered partials/_jumbotron.html.erb (0.7ms)
  Rendered partials/_footer.html.erb (0.6ms)
Completed 200 OK in 56ms (Views: 53.8ms | ActiveRecord: 0.0ms)


Started GET "/" for ::1 at 2017-04-13 09:41:02 -0500
Processing by HomeController#index as HTML
  Rendering home/index.html.erb within layouts/application
  Rendered home/index.html.erb within layouts/application (0.5ms)
  Rendered partials/_jumbotron.html.erb (0.7ms)
  Rendered partials/_footer.html.erb (2.7ms)
Completed 200 OK in 64ms (Views: 61.1ms | ActiveRecord: 0.0ms)


Started GET "/" for ::1 at 2017-04-13 09:46:33 -0500
Processing by HomeController#index as HTML
  Rendering home/index.html.erb within layouts/application
  Rendered home/index.html.erb within layouts/application (1.4ms)
  Rendered partials/_jumbotron.html.erb (0.7ms)
  Rendered partials/_footer.html.erb (1.4ms)
Completed 200 OK in 74ms (Views: 69.6ms | ActiveRecord: 0.0ms)


Started GET "/" for ::1 at 2017-04-13 14:43:23 -0500
Processing by HomeController#index as HTML
  Rendering home/index.html.erb within layouts/application
  Rendered home/index.html.erb within layouts/application (1.6ms)
DEPRECATION WARNING: Extra .css in SCSS file is unnecessary. Rename /Users/fidansaid/Desktop/Mybootstrap/bootstrap1/app/assets/stylesheets/main.css.scss to /Users/fidansaid/Desktop/Mybootstrap/bootstrap1/app/assets/stylesheets/main.scss. (called from _app_views_layouts_application_html_erb___2648422741513425793_70198535179700 at /Users/fidansaid/Desktop/Mybootstrap/bootstrap1/app/views/layouts/application.html.erb:7)
DEPRECATION WARNING: Extra .css in SCSS file is unnecessary. Rename /Users/fidansaid/Desktop/Mybootstrap/bootstrap1/app/assets/stylesheets/main.css.scss to /Users/fidansaid/Desktop/Mybootstrap/bootstrap1/app/assets/stylesheets/main.scss. (called from _app_views_layouts_application_html_erb___2648422741513425793_70198535179700 at /Users/fidansaid/Desktop/Mybootstrap/bootstrap1/app/views/layouts/application.html.erb:7)
  Rendered partials/_jumbotron.html.erb (0.7ms)
  Rendered partials/_footer.html.erb (0.6ms)
Completed 200 OK in 4413ms (Views: 4399.2ms | ActiveRecord: 0.0ms)


Started GET "/" for ::1 at 2017-04-13 14:43:40 -0500
Processing by HomeController#index as HTML
  Rendering home/index.html.erb within layouts/application
  Rendered home/index.html.erb within layouts/application (0.5ms)
  Rendered partials/_jumbotron.html.erb (0.5ms)
  Rendered partials/_footer.html.erb (0.6ms)
Completed 200 OK in 52ms (Views: 48.4ms | ActiveRecord: 0.0ms)


Started GET "/" for ::1 at 2017-04-13 15:02:43 -0500
Processing by HomeController#index as HTML
  Rendering home/index.html.erb within layouts/application
  Rendered home/index.html.erb within layouts/application (0.5ms)
  Rendered partials/_jumbotron.html.erb (0.4ms)
  Rendered partials/_footer.html.erb (0.4ms)
Completed 200 OK in 48ms (Views: 44.8ms | ActiveRecord: 0.0ms)


Started GET "/" for ::1 at 2017-04-13 15:11:05 -0500
Processing by HomeController#index as HTML
  Rendering home/index.html.erb within layouts/application
  Rendered home/index.html.erb within layouts/application (0.5ms)
  Rendered partials/_jumbotron.html.erb (0.3ms)
  Rendered partials/_footer.html.erb (0.4ms)
Completed 200 OK in 45ms (Views: 41.7ms | ActiveRecord: 0.0ms)


Started GET "/" for ::1 at 2017-04-13 15:11:07 -0500
Processing by HomeController#index as HTML
  Rendering home/index.html.erb within layouts/application
  Rendered home/index.html.erb within layouts/application (0.6ms)
  Rendered partials/_jumbotron.html.erb (0.5ms)
  Rendered partials/_footer.html.erb (0.4ms)
Completed 200 OK in 48ms (Views: 45.3ms | ActiveRecord: 0.0ms)


Started GET "/" for ::1 at 2017-04-13 15:17:04 -0500
Processing by HomeController#index as HTML
  Rendering home/index.html.erb within layouts/application
  Rendered home/index.html.erb within layouts/application (0.5ms)
  Rendered partials/_jumbotron.html.erb (8.0ms)
Completed 500 Internal Server Error in 57ms (ActiveRecord: 0.0ms)


  
ActionView::Template::Error (wrong number of arguments (given 1, expected 0)):
    1: <% if params [:controller]=='home'%>
    2: <!-- Main jumbotron for a primary marketing message or call to action -->
    3:     <div class="jumbotron">
    4:       <div class="container">
  
app/views/partials/_jumbotron.html.erb:1:in `_app_views_partials__jumbotron_html_erb__1100692268017373016_70198531523120'
app/views/layouts/application.html.erb:38:in `_app_views_layouts_application_html_erb___2648422741513425793_70198538366800'
  Rendering /Users/fidansaid/.rbenv/versions/2.4.0/lib/ruby/gems/2.4.0/gems/actionpack-5.0.2/lib/action_dispatch/middleware/templates/rescues/template_error.html.erb within rescues/layout
  Rendering /Users/fidansaid/.rbenv/versions/2.4.0/lib/ruby/gems/2.4.0/gems/actionpack-5.0.2/lib/action_dispatch/middleware/templates/rescues/_source.html.erb
  Rendered /Users/fidansaid/.rbenv/versions/2.4.0/lib/ruby/gems/2.4.0/gems/actionpack-5.0.2/lib/action_dispatch/middleware/templates/rescues/_source.html.erb (23.2ms)
  Rendering /Users/fidansaid/.rbenv/versions/2.4.0/lib/ruby/gems/2.4.0/gems/actionpack-5.0.2/lib/action_dispatch/middleware/templates/rescues/_trace.html.erb
  Rendered /Users/fidansaid/.rbenv/versions/2.4.0/lib/ruby/gems/2.4.0/gems/actionpack-5.0.2/lib/action_dispatch/middleware/templates/rescues/_trace.html.erb (4.6ms)
  Rendering /Users/fidansaid/.rbenv/versions/2.4.0/lib/ruby/gems/2.4.0/gems/actionpack-5.0.2/lib/action_dispatch/middleware/templates/rescues/_request_and_response.html.erb
  Rendered /Users/fidansaid/.rbenv/versions/2.4.0/lib/ruby/gems/2.4.0/gems/actionpack-5.0.2/lib/action_dispatch/middleware/templates/rescues/_request_and_response.html.erb (1.4ms)
  Rendered /Users/fidansaid/.rbenv/versions/2.4.0/lib/ruby/gems/2.4.0/gems/actionpack-5.0.2/lib/action_dispatch/middleware/templates/rescues/template_error.html.erb within rescues/layout (148.4ms)
Started GET "/" for ::1 at 2017-04-13 15:19:38 -0500
Processing by HomeController#index as HTML
  Rendering home/index.html.erb within layouts/application
  Rendered home/index.html.erb within layouts/application (0.8ms)
  Rendered partials/_jumbotron.html.erb (3.8ms)
Completed 500 Internal Server Error in 57ms (ActiveRecord: 0.0ms)


  
ActionView::Template::Error (wrong number of arguments (given 1, expected 0)):
    1: <% if params [:controller] =='home'%>
    2: <!-- Main jumbotron for a primary marketing message or call to action -->
    3:     <div class="jumbotron">
    4:       <div class="container">
  
app/views/partials/_jumbotron.html.erb:1:in `_app_views_partials__jumbotron_html_erb__1100692268017373016_70198548857040'
app/views/layouts/application.html.erb:38:in `_app_views_layouts_application_html_erb___2648422741513425793_70198534512120'
  Rendering /Users/fidansaid/.rbenv/versions/2.4.0/lib/ruby/gems/2.4.0/gems/actionpack-5.0.2/lib/action_dispatch/middleware/templates/rescues/template_error.html.erb within rescues/layout
  Rendering /Users/fidansaid/.rbenv/versions/2.4.0/lib/ruby/gems/2.4.0/gems/actionpack-5.0.2/lib/action_dispatch/middleware/templates/rescues/_source.html.erb
  Rendered /Users/fidansaid/.rbenv/versions/2.4.0/lib/ruby/gems/2.4.0/gems/actionpack-5.0.2/lib/action_dispatch/middleware/templates/rescues/_source.html.erb (7.3ms)
  Rendering /Users/fidansaid/.rbenv/versions/2.4.0/lib/ruby/gems/2.4.0/gems/actionpack-5.0.2/lib/action_dispatch/middleware/templates/rescues/_trace.html.erb
  Rendered /Users/fidansaid/.rbenv/versions/2.4.0/lib/ruby/gems/2.4.0/gems/actionpack-5.0.2/lib/action_dispatch/middleware/templates/rescues/_trace.html.erb (3.7ms)
  Rendering /Users/fidansaid/.rbenv/versions/2.4.0/lib/ruby/gems/2.4.0/gems/actionpack-5.0.2/lib/action_dispatch/middleware/templates/rescues/_request_and_response.html.erb
  Rendered /Users/fidansaid/.rbenv/versions/2.4.0/lib/ruby/gems/2.4.0/gems/actionpack-5.0.2/lib/action_dispatch/middleware/templates/rescues/_request_and_response.html.erb (1.3ms)
  Rendered /Users/fidansaid/.rbenv/versions/2.4.0/lib/ruby/gems/2.4.0/gems/actionpack-5.0.2/lib/action_dispatch/middleware/templates/rescues/template_error.html.erb within rescues/layout (118.6ms)
Started GET "/" for ::1 at 2017-04-13 15:19:41 -0500
Processing by HomeController#index as HTML
  Rendering home/index.html.erb within layouts/application
  Rendered home/index.html.erb within layouts/application (0.5ms)
  Rendered partials/_jumbotron.html.erb (3.4ms)
Completed 500 Internal Server Error in 49ms (ActiveRecord: 0.0ms)


  
ActionView::Template::Error (wrong number of arguments (given 1, expected 0)):
    1: <% if params [:controller] =='home'%>
    2: <!-- Main jumbotron for a primary marketing message or call to action -->
    3:     <div class="jumbotron">
    4:       <div class="container">
  
app/views/partials/_jumbotron.html.erb:1:in `_app_views_partials__jumbotron_html_erb__1100692268017373016_70198550521340'
app/views/layouts/application.html.erb:38:in `_app_views_layouts_application_html_erb___2648422741513425793_70198553965080'
  Rendering /Users/fidansaid/.rbenv/versions/2.4.0/lib/ruby/gems/2.4.0/gems/actionpack-5.0.2/lib/action_dispatch/middleware/templates/rescues/template_error.html.erb within rescues/layout
  Rendering /Users/fidansaid/.rbenv/versions/2.4.0/lib/ruby/gems/2.4.0/gems/actionpack-5.0.2/lib/action_dispatch/middleware/templates/rescues/_source.html.erb
  Rendered /Users/fidansaid/.rbenv/versions/2.4.0/lib/ruby/gems/2.4.0/gems/actionpack-5.0.2/lib/action_dispatch/middleware/templates/rescues/_source.html.erb (7.0ms)
  Rendering /Users/fidansaid/.rbenv/versions/2.4.0/lib/ruby/gems/2.4.0/gems/actionpack-5.0.2/lib/action_dispatch/middleware/templates/rescues/_trace.html.erb
  Rendered /Users/fidansaid/.rbenv/versions/2.4.0/lib/ruby/gems/2.4.0/gems/actionpack-5.0.2/lib/action_dispatch/middleware/templates/rescues/_trace.html.erb (3.5ms)
  Rendering /Users/fidansaid/.rbenv/versions/2.4.0/lib/ruby/gems/2.4.0/gems/actionpack-5.0.2/lib/action_dispatch/middleware/templates/rescues/_request_and_response.html.erb
  Rendered /Users/fidansaid/.rbenv/versions/2.4.0/lib/ruby/gems/2.4.0/gems/actionpack-5.0.2/lib/action_dispatch/middleware/templates/rescues/_request_and_response.html.erb (0.8ms)
  Rendered /Users/fidansaid/.rbenv/versions/2.4.0/lib/ruby/gems/2.4.0/gems/actionpack-5.0.2/lib/action_dispatch/middleware/templates/rescues/template_error.html.erb within rescues/layout (124.4ms)
Started GET "/" for ::1 at 2017-04-13 15:20:41 -0500
Processing by HomeController#index as HTML
  Rendering home/index.html.erb within layouts/application
  Rendered home/index.html.erb within layouts/application (0.5ms)
DEPRECATION WARNING: Extra .css in SCSS file is unnecessary. Rename /Users/fidansaid/Desktop/Mybootstrap/bootstrap1/app/assets/stylesheets/main.css.scss to /Users/fidansaid/Desktop/Mybootstrap/bootstrap1/app/assets/stylesheets/main.scss. (called from _app_views_layouts_application_html_erb___2648422741513425793_70198539120080 at /Users/fidansaid/Desktop/Mybootstrap/bootstrap1/app/views/layouts/application.html.erb:7)
DEPRECATION WARNING: Extra .css in SCSS file is unnecessary. Rename /Users/fidansaid/Desktop/Mybootstrap/bootstrap1/app/assets/stylesheets/main.css.scss to /Users/fidansaid/Desktop/Mybootstrap/bootstrap1/app/assets/stylesheets/main.scss. (called from _app_views_layouts_application_html_erb___2648422741513425793_70198539120080 at /Users/fidansaid/Desktop/Mybootstrap/bootstrap1/app/views/layouts/application.html.erb:7)
  Rendered partials/_jumbotron.html.erb (0.7ms)
  Rendered partials/_footer.html.erb (0.7ms)
Completed 200 OK in 3052ms (Views: 3047.8ms | ActiveRecord: 0.0ms)


Started GET "/" for ::1 at 2017-04-13 15:20:48 -0500
Processing by HomeController#index as HTML
  Rendering home/index.html.erb within layouts/application
  Rendered home/index.html.erb within layouts/application (0.9ms)
  Rendered partials/_jumbotron.html.erb (1.7ms)
  Rendered partials/_footer.html.erb (0.4ms)
Completed 200 OK in 100ms (Views: 96.5ms | ActiveRecord: 0.0ms)


Started GET "/" for ::1 at 2017-04-13 15:20:51 -0500
Processing by HomeController#index as HTML
  Rendering home/index.html.erb within layouts/application
  Rendered home/index.html.erb within layouts/application (3.2ms)
  Rendered partials/_jumbotron.html.erb (0.5ms)
  Rendered partials/_footer.html.erb (0.5ms)
Completed 200 OK in 85ms (Views: 79.4ms | ActiveRecord: 0.0ms)


Started GET "/" for ::1 at 2017-04-13 15:20:52 -0500
Processing by HomeController#index as HTML
  Rendering home/index.html.erb within layouts/application
  Rendered home/index.html.erb within layouts/application (0.5ms)
  Rendered partials/_jumbotron.html.erb (0.5ms)
  Rendered partials/_footer.html.erb (0.6ms)
Completed 200 OK in 57ms (Views: 54.1ms | ActiveRecord: 0.0ms)


Started GET "/" for ::1 at 2017-04-13 15:20:53 -0500
Processing by HomeController#index as HTML
  Rendering home/index.html.erb within layouts/application
  Rendered home/index.html.erb within layouts/application (0.7ms)
  Rendered partials/_jumbotron.html.erb (0.6ms)
  Rendered partials/_footer.html.erb (0.5ms)
Completed 200 OK in 60ms (Views: 56.0ms | ActiveRecord: 0.0ms)


Started GET "/" for ::1 at 2017-04-13 15:20:53 -0500
Processing by HomeController#index as HTML
  Rendering home/index.html.erb within layouts/application
  Rendered home/index.html.erb within layouts/application (0.7ms)
  Rendered partials/_jumbotron.html.erb (0.3ms)
  Rendered partials/_footer.html.erb (0.3ms)
Completed 200 OK in 59ms (Views: 56.1ms | ActiveRecord: 0.0ms)


Started GET "/" for ::1 at 2017-04-13 15:20:54 -0500
Processing by HomeController#index as HTML
  Rendering home/index.html.erb within layouts/application
  Rendered home/index.html.erb within layouts/application (0.6ms)
  Rendered partials/_jumbotron.html.erb (0.5ms)
  Rendered partials/_footer.html.erb (0.5ms)
Completed 200 OK in 63ms (Views: 59.9ms | ActiveRecord: 0.0ms)


Started GET "/" for ::1 at 2017-04-13 15:20:55 -0500
Processing by HomeController#index as HTML
  Rendering home/index.html.erb within layouts/application
  Rendered home/index.html.erb within layouts/application (0.9ms)
  Rendered partials/_jumbotron.html.erb (0.4ms)
  Rendered partials/_footer.html.erb (0.4ms)
Completed 200 OK in 49ms (Views: 45.9ms | ActiveRecord: 0.0ms)


Started GET "/" for ::1 at 2017-04-13 15:21:00 -0500
Processing by HomeController#index as HTML
  Rendering home/index.html.erb within layouts/application
  Rendered home/index.html.erb within layouts/application (0.6ms)
  Rendered partials/_jumbotron.html.erb (0.5ms)
  Rendered partials/_footer.html.erb (0.4ms)
Completed 200 OK in 60ms (Views: 56.4ms | ActiveRecord: 0.0ms)


Started GET "/" for ::1 at 2017-04-13 15:21:01 -0500
Processing by HomeController#index as HTML
  Rendering home/index.html.erb within layouts/application
  Rendered home/index.html.erb within layouts/application (0.7ms)
  Rendered partials/_jumbotron.html.erb (0.3ms)
  Rendered partials/_footer.html.erb (0.5ms)
Completed 200 OK in 57ms (Views: 53.4ms | ActiveRecord: 0.0ms)


Started GET "/" for ::1 at 2017-04-13 15:23:06 -0500
Processing by HomeController#index as HTML
  Rendering home/index.html.erb within layouts/application
  Rendered home/index.html.erb within layouts/application (0.5ms)
  Rendered partials/_jumbotron.html.erb (0.4ms)
  Rendered partials/_footer.html.erb (0.3ms)
Completed 200 OK in 55ms (Views: 51.6ms | ActiveRecord: 0.0ms)


Started GET "/" for ::1 at 2017-04-13 15:23:07 -0500
Processing by HomeController#index as HTML
  Rendering home/index.html.erb within layouts/application
  Rendered home/index.html.erb within layouts/application (1.2ms)
  Rendered partials/_jumbotron.html.erb (0.5ms)
  Rendered partials/_footer.html.erb (0.4ms)
Completed 200 OK in 62ms (Views: 57.7ms | ActiveRecord: 0.0ms)


Started GET "/" for ::1 at 2017-04-13 15:23:09 -0500
Processing by HomeController#index as HTML
  Rendering home/index.html.erb within layouts/application
  Rendered home/index.html.erb within layouts/application (0.6ms)
  Rendered partials/_jumbotron.html.erb (0.6ms)
  Rendered partials/_footer.html.erb (0.5ms)
Completed 200 OK in 62ms (Views: 58.0ms | ActiveRecord: 0.0ms)


Started GET "/" for ::1 at 2017-04-13 15:23:10 -0500
Processing by HomeController#index as HTML
  Rendering home/index.html.erb within layouts/application
  Rendered home/index.html.erb within layouts/application (0.6ms)
  Rendered partials/_jumbotron.html.erb (0.5ms)
  Rendered partials/_footer.html.erb (0.5ms)
Completed 200 OK in 62ms (Views: 59.0ms | ActiveRecord: 0.0ms)


Started GET "/" for ::1 at 2017-04-13 15:25:42 -0500
Processing by HomeController#index as HTML
  Rendering home/index.html.erb within layouts/application
  Rendered home/index.html.erb within layouts/application (0.6ms)
  Rendered partials/_jumbotron.html.erb (0.6ms)
  Rendered partials/_footer.html.erb (0.5ms)
Completed 200 OK in 48ms (Views: 45.5ms | ActiveRecord: 0.0ms)


Started GET "/" for ::1 at 2017-04-13 15:25:46 -0500
Processing by HomeController#index as HTML
  Rendering home/index.html.erb within layouts/application
  Rendered home/index.html.erb within layouts/application (0.7ms)
  Rendered partials/_jumbotron.html.erb (0.4ms)
  Rendered partials/_footer.html.erb (0.4ms)
Completed 200 OK in 61ms (Views: 56.9ms | ActiveRecord: 0.0ms)


Started GET "/" for ::1 at 2017-04-13 15:25:47 -0500
Processing by HomeController#index as HTML
  Rendering home/index.html.erb within layouts/application
  Rendered home/index.html.erb within layouts/application (0.6ms)
  Rendered partials/_jumbotron.html.erb (0.5ms)
  Rendered partials/_footer.html.erb (0.5ms)
Completed 200 OK in 49ms (Views: 45.9ms | ActiveRecord: 0.0ms)


Started GET "/" for ::1 at 2017-04-13 15:25:48 -0500
Processing by HomeController#index as HTML
  Rendering home/index.html.erb within layouts/application
  Rendered home/index.html.erb within layouts/application (0.6ms)
  Rendered partials/_jumbotron.html.erb (0.6ms)
  Rendered partials/_footer.html.erb (0.3ms)
Completed 200 OK in 60ms (Views: 56.0ms | ActiveRecord: 0.0ms)


Started GET "/" for ::1 at 2017-04-13 15:26:02 -0500
Processing by HomeController#index as HTML
  Rendering home/index.html.erb within layouts/application
  Rendered home/index.html.erb within layouts/application (0.5ms)
  Rendered partials/_jumbotron.html.erb (0.5ms)
  Rendered partials/_footer.html.erb (0.3ms)
Completed 200 OK in 47ms (Views: 42.5ms | ActiveRecord: 0.0ms)


Started GET "/" for ::1 at 2017-04-13 15:26:04 -0500
Processing by HomeController#index as HTML
  Rendering home/index.html.erb within layouts/application
  Rendered home/index.html.erb within layouts/application (0.4ms)
  Rendered partials/_jumbotron.html.erb (0.5ms)
  Rendered partials/_footer.html.erb (0.4ms)
Completed 200 OK in 46ms (Views: 43.0ms | ActiveRecord: 0.0ms)


Started GET "/" for ::1 at 2017-04-13 15:26:10 -0500
Processing by HomeController#index as HTML
  Rendering home/index.html.erb within layouts/application
  Rendered home/index.html.erb within layouts/application (0.5ms)
  Rendered partials/_jumbotron.html.erb (0.6ms)
  Rendered partials/_footer.html.erb (0.3ms)
Completed 200 OK in 50ms (Views: 45.8ms | ActiveRecord: 0.0ms)


Started GET "/" for ::1 at 2017-04-13 15:26:22 -0500
Processing by HomeController#index as HTML
  Rendering home/index.html.erb within layouts/application
  Rendered home/index.html.erb within layouts/application (0.6ms)
  Rendered partials/_jumbotron.html.erb (0.4ms)
  Rendered partials/_footer.html.erb (0.6ms)
Completed 200 OK in 52ms (Views: 49.5ms | ActiveRecord: 0.0ms)


Started GET "/" for ::1 at 2017-04-13 15:26:24 -0500
Processing by HomeController#index as HTML
  Rendering home/index.html.erb within layouts/application
  Rendered home/index.html.erb within layouts/application (0.7ms)
  Rendered partials/_jumbotron.html.erb (0.5ms)
  Rendered partials/_footer.html.erb (0.4ms)
Completed 200 OK in 55ms (Views: 51.4ms | ActiveRecord: 0.0ms)


Started GET "/" for ::1 at 2017-04-13 15:26:24 -0500
Processing by HomeController#index as HTML
  Rendering home/index.html.erb within layouts/application
  Rendered home/index.html.erb within layouts/application (0.5ms)
  Rendered partials/_jumbotron.html.erb (0.6ms)
  Rendered partials/_footer.html.erb (0.5ms)
Completed 200 OK in 58ms (Views: 54.5ms | ActiveRecord: 0.0ms)


Started GET "/" for ::1 at 2017-04-13 15:26:25 -0500
Processing by HomeController#index as HTML
  Rendering home/index.html.erb within layouts/application
  Rendered home/index.html.erb within layouts/application (0.6ms)
  Rendered partials/_jumbotron.html.erb (0.6ms)
  Rendered partials/_footer.html.erb (0.5ms)
Completed 200 OK in 55ms (Views: 51.8ms | ActiveRecord: 0.0ms)


Started GET "/" for ::1 at 2017-04-13 15:26:26 -0500
Processing by HomeController#index as HTML
  Rendering home/index.html.erb within layouts/application
  Rendered home/index.html.erb within layouts/application (1.1ms)
  Rendered partials/_jumbotron.html.erb (0.5ms)
  Rendered partials/_footer.html.erb (0.5ms)
Completed 200 OK in 61ms (Views: 57.6ms | ActiveRecord: 0.0ms)


Started GET "/" for ::1 at 2017-04-13 16:13:17 -0500
Processing by HomeController#index as HTML
  Rendering home/index.html.erb within layouts/application
  Rendered home/index.html.erb within layouts/application (0.4ms)
  Rendered partials/_jumbotron.html.erb (0.5ms)
  Rendered partials/_footer.html.erb (0.5ms)
Completed 200 OK in 99ms (Views: 95.5ms | ActiveRecord: 0.0ms)


Started GET "/" for ::1 at 2017-04-13 16:13:28 -0500
Processing by HomeController#index as HTML
  Rendering home/index.html.erb within layouts/application
  Rendered home/index.html.erb within layouts/application (0.7ms)
  Rendered partials/_jumbotron.html.erb (0.5ms)
  Rendered partials/_footer.html.erb (0.5ms)
Completed 200 OK in 54ms (Views: 51.0ms | ActiveRecord: 0.0ms)


Started GET "/" for ::1 at 2017-04-13 16:13:29 -0500
Processing by HomeController#index as HTML
  Rendering home/index.html.erb within layouts/application
  Rendered home/index.html.erb within layouts/application (1.0ms)
  Rendered partials/_jumbotron.html.erb (0.3ms)
  Rendered partials/_footer.html.erb (0.6ms)
Completed 200 OK in 59ms (Views: 56.3ms | ActiveRecord: 0.0ms)


Started GET "/" for ::1 at 2017-04-13 16:13:34 -0500
Processing by HomeController#index as HTML
  Rendering home/index.html.erb within layouts/application
  Rendered home/index.html.erb within layouts/application (0.5ms)
  Rendered partials/_jumbotron.html.erb (0.5ms)
  Rendered partials/_footer.html.erb (0.4ms)
Completed 200 OK in 57ms (Views: 54.5ms | ActiveRecord: 0.0ms)


Started GET "/" for ::1 at 2017-04-13 16:13:36 -0500
Processing by HomeController#index as HTML
  Rendering home/index.html.erb within layouts/application
  Rendered home/index.html.erb within layouts/application (0.6ms)
  Rendered partials/_jumbotron.html.erb (0.5ms)
  Rendered partials/_footer.html.erb (0.5ms)
Completed 200 OK in 51ms (Views: 48.1ms | ActiveRecord: 0.0ms)


Started GET "/" for ::1 at 2017-04-13 16:13:37 -0500
Processing by HomeController#index as HTML
  Rendering home/index.html.erb within layouts/application
  Rendered home/index.html.erb within layouts/application (0.3ms)
  Rendered partials/_jumbotron.html.erb (0.5ms)
  Rendered partials/_footer.html.erb (0.3ms)
Completed 200 OK in 48ms (Views: 45.2ms | ActiveRecord: 0.0ms)


Started GET "/" for ::1 at 2017-04-13 16:31:04 -0500
Processing by HomeController#index as HTML
  Rendering home/index.html.erb within layouts/application
  Rendered home/index.html.erb within layouts/application (0.6ms)
DEPRECATION WARNING: Extra .css in SCSS file is unnecessary. Rename /Users/fidansaid/Desktop/Mybootstrap/bootstrap1/app/assets/stylesheets/main.css.scss to /Users/fidansaid/Desktop/Mybootstrap/bootstrap1/app/assets/stylesheets/main.scss. (called from _app_views_layouts_application_html_erb___2648422741513425793_70198552980000 at /Users/fidansaid/Desktop/Mybootstrap/bootstrap1/app/views/layouts/application.html.erb:7)
DEPRECATION WARNING: Extra .css in SCSS file is unnecessary. Rename /Users/fidansaid/Desktop/Mybootstrap/bootstrap1/app/assets/stylesheets/main.css.scss to /Users/fidansaid/Desktop/Mybootstrap/bootstrap1/app/assets/stylesheets/main.scss. (called from _app_views_layouts_application_html_erb___2648422741513425793_70198552980000 at /Users/fidansaid/Desktop/Mybootstrap/bootstrap1/app/views/layouts/application.html.erb:7)
  Rendered partials/_jumbotron.html.erb (0.7ms)
  Rendered partials/_footer.html.erb (0.7ms)
Completed 200 OK in 3531ms (Views: 3527.5ms | ActiveRecord: 0.0ms)


Started GET "/" for ::1 at 2017-04-13 16:31:10 -0500
Processing by HomeController#index as HTML
  Rendering home/index.html.erb within layouts/application
  Rendered home/index.html.erb within layouts/application (0.5ms)
  Rendered partials/_jumbotron.html.erb (0.5ms)
  Rendered partials/_footer.html.erb (0.4ms)
Completed 200 OK in 118ms (Views: 112.0ms | ActiveRecord: 0.0ms)


Started GET "/" for ::1 at 2017-04-13 16:31:11 -0500
Processing by HomeController#index as HTML
  Rendering home/index.html.erb within layouts/application
  Rendered home/index.html.erb within layouts/application (0.6ms)
  Rendered partials/_jumbotron.html.erb (0.4ms)
  Rendered partials/_footer.html.erb (0.6ms)
Completed 200 OK in 59ms (Views: 56.0ms | ActiveRecord: 0.0ms)


Started GET "/" for ::1 at 2017-04-13 16:31:12 -0500
Processing by HomeController#index as HTML
  Rendering home/index.html.erb within layouts/application
  Rendered home/index.html.erb within layouts/application (0.7ms)
  Rendered partials/_jumbotron.html.erb (0.6ms)
  Rendered partials/_footer.html.erb (0.4ms)
Completed 200 OK in 60ms (Views: 55.0ms | ActiveRecord: 0.0ms)


Started GET "/" for ::1 at 2017-04-13 16:31:15 -0500
Processing by HomeController#index as HTML
  Rendering home/index.html.erb within layouts/application
  Rendered home/index.html.erb within layouts/application (0.7ms)
  Rendered partials/_jumbotron.html.erb (0.6ms)
  Rendered partials/_footer.html.erb (0.4ms)
Completed 200 OK in 63ms (Views: 59.6ms | ActiveRecord: 0.0ms)


Started GET "/" for ::1 at 2017-04-13 16:31:15 -0500
Processing by HomeController#index as HTML
  Rendering home/index.html.erb within layouts/application
  Rendered home/index.html.erb within layouts/application (0.7ms)
  Rendered partials/_jumbotron.html.erb (0.5ms)
  Rendered partials/_footer.html.erb (0.4ms)
Completed 200 OK in 57ms (Views: 53.1ms | ActiveRecord: 0.0ms)


Started GET "/" for ::1 at 2017-04-13 16:31:16 -0500
Processing by HomeController#index as HTML
  Rendering home/index.html.erb within layouts/application
  Rendered home/index.html.erb within layouts/application (0.6ms)
  Rendered partials/_jumbotron.html.erb (0.4ms)
  Rendered partials/_footer.html.erb (0.5ms)
Completed 200 OK in 56ms (Views: 53.0ms | ActiveRecord: 0.0ms)


Started GET "/" for ::1 at 2017-04-13 16:31:17 -0500
Processing by HomeController#index as HTML
  Rendering home/index.html.erb within layouts/application
  Rendered home/index.html.erb within layouts/application (0.6ms)
  Rendered partials/_jumbotron.html.erb (0.6ms)
  Rendered partials/_footer.html.erb (0.3ms)
Completed 200 OK in 62ms (Views: 58.7ms | ActiveRecord: 0.0ms)


Started GET "/" for ::1 at 2017-04-13 16:31:33 -0500
Processing by HomeController#index as HTML
  Rendering home/index.html.erb within layouts/application
  Rendered home/index.html.erb within layouts/application (0.3ms)
  Rendered partials/_jumbotron.html.erb (0.5ms)
  Rendered partials/_footer.html.erb (0.5ms)
Completed 200 OK in 47ms (Views: 43.3ms | ActiveRecord: 0.0ms)


Started GET "/" for ::1 at 2017-04-13 16:31:36 -0500
Processing by HomeController#index as HTML
  Rendering home/index.html.erb within layouts/application
  Rendered home/index.html.erb within layouts/application (0.7ms)
  Rendered partials/_jumbotron.html.erb (0.7ms)
  Rendered partials/_footer.html.erb (0.5ms)
Completed 200 OK in 55ms (Views: 51.9ms | ActiveRecord: 0.0ms)


Started GET "/" for ::1 at 2017-04-13 16:31:38 -0500
Processing by HomeController#index as HTML
  Rendering home/index.html.erb within layouts/application
  Rendered home/index.html.erb within layouts/application (0.6ms)
  Rendered partials/_jumbotron.html.erb (0.5ms)
  Rendered partials/_footer.html.erb (0.5ms)
Completed 200 OK in 51ms (Views: 48.3ms | ActiveRecord: 0.0ms)


Started GET "/" for ::1 at 2017-04-13 16:31:40 -0500
Processing by HomeController#index as HTML
  Rendering home/index.html.erb within layouts/application
  Rendered home/index.html.erb within layouts/application (0.7ms)
  Rendered partials/_jumbotron.html.erb (0.5ms)
  Rendered partials/_footer.html.erb (0.6ms)
Completed 200 OK in 54ms (Views: 50.5ms | ActiveRecord: 0.0ms)


Started GET "/" for ::1 at 2017-04-13 16:31:40 -0500
Processing by HomeController#index as HTML
  Rendering home/index.html.erb within layouts/application
  Rendered home/index.html.erb within layouts/application (0.6ms)
  Rendered partials/_jumbotron.html.erb (0.6ms)
  Rendered partials/_footer.html.erb (0.5ms)
Completed 200 OK in 60ms (Views: 56.4ms | ActiveRecord: 0.0ms)


Started GET "/" for ::1 at 2017-04-13 16:32:25 -0500
Processing by HomeController#index as HTML
  Rendering home/index.html.erb within layouts/application
  Rendered home/index.html.erb within layouts/application (0.6ms)
  Rendered partials/_jumbotron.html.erb (0.4ms)
  Rendered partials/_footer.html.erb (0.6ms)
Completed 200 OK in 53ms (Views: 50.2ms | ActiveRecord: 0.0ms)


Started GET "/about" for ::1 at 2017-04-13 16:32:42 -0500
Processing by AboutController#index as HTML
  Rendering about/index.html.erb within layouts/application
  Rendered about/index.html.erb within layouts/application (0.6ms)
  Rendered partials/_jumbotron.html.erb (0.5ms)
  Rendered partials/_footer.html.erb (0.5ms)
Completed 200 OK in 56ms (Views: 52.4ms | ActiveRecord: 0.0ms)


Started GET "/" for ::1 at 2017-04-13 16:32:47 -0500
Processing by HomeController#index as HTML
  Rendering home/index.html.erb within layouts/application
  Rendered home/index.html.erb within layouts/application (0.8ms)
  Rendered partials/_jumbotron.html.erb (0.5ms)
  Rendered partials/_footer.html.erb (0.5ms)
Completed 200 OK in 55ms (Views: 51.6ms | ActiveRecord: 0.0ms)


Started GET "/" for ::1 at 2017-04-13 16:32:49 -0500
Processing by HomeController#index as HTML
  Rendering home/index.html.erb within layouts/application
  Rendered home/index.html.erb within layouts/application (0.5ms)
  Rendered partials/_jumbotron.html.erb (0.6ms)
  Rendered partials/_footer.html.erb (0.6ms)
Completed 200 OK in 56ms (Views: 52.7ms | ActiveRecord: 0.0ms)


Started GET "/" for ::1 at 2017-04-13 16:32:50 -0500
Processing by HomeController#index as HTML
  Rendering home/index.html.erb within layouts/application
  Rendered home/index.html.erb within layouts/application (0.7ms)
  Rendered partials/_jumbotron.html.erb (0.5ms)
  Rendered partials/_footer.html.erb (0.5ms)
Completed 200 OK in 60ms (Views: 56.6ms | ActiveRecord: 0.0ms)


Started GET "/about" for ::1 at 2017-04-13 16:32:51 -0500
Processing by AboutController#index as HTML
  Rendering about/index.html.erb within layouts/application
  Rendered about/index.html.erb within layouts/application (0.6ms)
  Rendered partials/_jumbotron.html.erb (0.6ms)
  Rendered partials/_footer.html.erb (0.5ms)
Completed 200 OK in 58ms (Views: 54.0ms | ActiveRecord: 0.0ms)


Started GET "/" for ::1 at 2017-04-13 16:33:00 -0500
Processing by HomeController#index as HTML
  Rendering home/index.html.erb within layouts/application
  Rendered home/index.html.erb within layouts/application (0.6ms)
  Rendered partials/_jumbotron.html.erb (0.5ms)
  Rendered partials/_footer.html.erb (0.3ms)
Completed 200 OK in 57ms (Views: 53.7ms | ActiveRecord: 0.0ms)


Started GET "/" for ::1 at 2017-04-13 16:33:01 -0500
Processing by HomeController#index as HTML
  Rendering home/index.html.erb within layouts/application
  Rendered home/index.html.erb within layouts/application (0.5ms)
  Rendered partials/_jumbotron.html.erb (0.6ms)
  Rendered partials/_footer.html.erb (0.5ms)
Completed 200 OK in 59ms (Views: 55.3ms | ActiveRecord: 0.0ms)


Started GET "/" for ::1 at 2017-04-13 16:33:02 -0500
Processing by HomeController#index as HTML
  Rendering home/index.html.erb within layouts/application
  Rendered home/index.html.erb within layouts/application (0.7ms)
  Rendered partials/_jumbotron.html.erb (1.0ms)
  Rendered partials/_footer.html.erb (0.6ms)
Completed 200 OK in 58ms (Views: 54.4ms | ActiveRecord: 0.0ms)


Started GET "/" for ::1 at 2017-04-13 16:33:08 -0500
Processing by HomeController#index as HTML
  Rendering home/index.html.erb within layouts/application
  Rendered home/index.html.erb within layouts/application (0.6ms)
  Rendered partials/_jumbotron.html.erb (0.5ms)
  Rendered partials/_footer.html.erb (0.5ms)
Completed 200 OK in 62ms (Views: 58.0ms | ActiveRecord: 0.0ms)


Started GET "/" for ::1 at 2017-04-13 16:33:08 -0500
Processing by HomeController#index as HTML
  Rendering home/index.html.erb within layouts/application
  Rendered home/index.html.erb within layouts/application (0.6ms)
  Rendered partials/_jumbotron.html.erb (0.6ms)
  Rendered partials/_footer.html.erb (0.4ms)
Completed 200 OK in 60ms (Views: 56.6ms | ActiveRecord: 0.0ms)


Started GET "/" for ::1 at 2017-04-13 16:33:09 -0500
Processing by HomeController#index as HTML
  Rendering home/index.html.erb within layouts/application
  Rendered home/index.html.erb within layouts/application (0.6ms)
  Rendered partials/_jumbotron.html.erb (0.4ms)
  Rendered partials/_footer.html.erb (0.3ms)
Completed 200 OK in 58ms (Views: 54.4ms | ActiveRecord: 0.0ms)


Started GET "/" for ::1 at 2017-04-13 16:39:35 -0500
Processing by HomeController#index as HTML
  Rendering home/index.html.erb within layouts/application
  Rendered home/index.html.erb within layouts/application (0.6ms)
  Rendered partials/_jumbotron.html.erb (0.4ms)
  Rendered partials/_footer.html.erb (0.3ms)
Completed 200 OK in 68ms (Views: 64.5ms | ActiveRecord: 0.0ms)


Started GET "/" for ::1 at 2017-04-13 16:39:36 -0500
Processing by HomeController#index as HTML
  Rendering home/index.html.erb within layouts/application
  Rendered home/index.html.erb within layouts/application (0.6ms)
  Rendered partials/_jumbotron.html.erb (0.6ms)
  Rendered partials/_footer.html.erb (0.6ms)
Completed 200 OK in 62ms (Views: 58.9ms | ActiveRecord: 0.0ms)


Started GET "/" for ::1 at 2017-04-13 16:39:38 -0500
Processing by HomeController#index as HTML
  Rendering home/index.html.erb within layouts/application
  Rendered home/index.html.erb within layouts/application (0.6ms)
  Rendered partials/_jumbotron.html.erb (0.6ms)
  Rendered partials/_footer.html.erb (0.5ms)
Completed 200 OK in 59ms (Views: 56.2ms | ActiveRecord: 0.0ms)


Started GET "/" for ::1 at 2017-04-13 16:39:39 -0500
Processing by HomeController#index as HTML
  Rendering home/index.html.erb within layouts/application
  Rendered home/index.html.erb within layouts/application (0.8ms)
  Rendered partials/_jumbotron.html.erb (0.5ms)
  Rendered partials/_footer.html.erb (0.5ms)
Completed 200 OK in 64ms (Views: 60.5ms | ActiveRecord: 0.0ms)


Started GET "/" for ::1 at 2017-04-13 16:39:40 -0500
Processing by HomeController#index as HTML
  Rendering home/index.html.erb within layouts/application
  Rendered home/index.html.erb within layouts/application (0.7ms)
  Rendered partials/_jumbotron.html.erb (0.5ms)
  Rendered partials/_footer.html.erb (0.5ms)
Completed 200 OK in 58ms (Views: 54.8ms | ActiveRecord: 0.0ms)


Started GET "/" for ::1 at 2017-04-13 16:39:41 -0500
Processing by HomeController#index as HTML
  Rendering home/index.html.erb within layouts/application
  Rendered home/index.html.erb within layouts/application (0.5ms)
  Rendered partials/_jumbotron.html.erb (0.5ms)
  Rendered partials/_footer.html.erb (0.2ms)
Completed 200 OK in 57ms (Views: 54.1ms | ActiveRecord: 0.0ms)


  [1m[35m (21.8ms)[0m  [1m[35mCREATE TABLE "schema_migrations" ("version" varchar NOT NULL PRIMARY KEY)[0m
  [1m[35m (13.5ms)[0m  [1m[35mCREATE TABLE "ar_internal_metadata" ("key" varchar NOT NULL PRIMARY KEY, "value" varchar, "created_at" datetime NOT NULL, "updated_at" datetime NOT NULL)[0m
  [1m[36mActiveRecord::InternalMetadata Load (0.5ms)[0m  [1m[34mSELECT  "ar_internal_metadata".* FROM "ar_internal_metadata" WHERE "ar_internal_metadata"."key" = ? LIMIT ?[0m  [["key", :environment], ["LIMIT", 1]]
  [1m[35m (0.1ms)[0m  [1m[36mbegin transaction[0m
  [1m[35mSQL (0.4ms)[0m  [1m[32mINSERT INTO "ar_internal_metadata" ("key", "value", "created_at", "updated_at") VALUES (?, ?, ?, ?)[0m  [["key", "environment"], ["value", "development"], ["created_at", 2017-04-13 22:09:00 UTC], ["updated_at", 2017-04-13 22:09:00 UTC]]
  [1m[35m (12.8ms)[0m  [1m[36mcommit transaction[0m
  [1m[36mActiveRecord::SchemaMigration Load (0.2ms)[0m  [1m[34mSELECT "schema_migrations".* FROM "schema_migrations"[0m
